15:40:13:155  INFO 5444 --- [main] com.hmall.cart.CartApplication           : Starting CartApplication using Java 11.0.24 on xiaoyuan with PID 5444 (I:\project\java\springcould\hmall\cart-service\target\classes started by 21551 in I:\project\java\springcould\hmall)
15:40:13:160 DEBUG 5444 --- [main] com.hmall.cart.CartApplication           : Running with Spring Boot v2.7.12, Spring v5.3.27
15:40:13:161  INFO 5444 --- [main] com.hmall.cart.CartApplication           : The following 1 profile is active: "local"
15:40:13:916  INFO 5444 --- [main] o.s.cloud.context.scope.GenericScope     : BeanFactory id=d88609e6-2bca-3dff-8c95-b2957b3d60e0
15:40:14:157  INFO 5444 --- [main] o.s.b.w.embedded.tomcat.TomcatWebServer  : Tomcat initialized with port(s): 8082 (http)
15:40:14:159  INFO 5444 --- [main] o.a.catalina.core.AprLifecycleListener   : Loaded Apache Tomcat Native library [1.3.0] using APR version [1.7.4].
15:40:14:159  INFO 5444 --- [main] o.a.catalina.core.AprLifecycleListener   : APR capabilities: IPv6 [true], sendfile [true], accept filters [false], random [true], UDS [true].
15:40:14:159  INFO 5444 --- [main] o.a.catalina.core.AprLifecycleListener   : APR/OpenSSL configuration: useAprConnector [false], useOpenSSL [true]
15:40:14:163  INFO 5444 --- [main] o.a.catalina.core.AprLifecycleListener   : OpenSSL successfully initialized [OpenSSL 3.0.13 30 Jan 2024]
15:40:14:170  INFO 5444 --- [main] o.apache.catalina.core.StandardService   : Starting service [Tomcat]
15:40:14:171  INFO 5444 --- [main] org.apache.catalina.core.StandardEngine  : Starting Servlet engine: [Apache Tomcat/9.0.75]
15:40:14:268  INFO 5444 --- [main] o.a.c.c.C.[Tomcat].[localhost].[/]       : Initializing Spring embedded WebApplicationContext
15:40:14:268  INFO 5444 --- [main] w.s.c.ServletWebServerApplicationContext : Root WebApplicationContext: initialization completed in 1071 ms
15:40:14:409  INFO 5444 --- [main] o.s.c.openfeign.FeignClientFactoryBean   : For 'item-service' URL not provided. Will try picking an instance via load-balancing.
15:40:15:825  INFO 5444 --- [main] pertySourcedRequestMappingHandlerMapping : Mapped URL path [/v2/api-docs] onto method [springfox.documentation.swagger2.web.Swagger2ControllerWebMvc#getDocumentation(String, HttpServletRequest)]
15:40:16:222  INFO 5444 --- [main] com.alibaba.nacos.common.remote.client   : [RpcClientFactory] create a new rpc client of c1db280b-8add-4582-aa0b-dd44a06c0b81
15:40:16:263  INFO 5444 --- [main] org.reflections.Reflections              : Reflections took 23 ms to scan 1 urls, producing 3 keys and 6 values 
15:40:16:287  INFO 5444 --- [main] org.reflections.Reflections              : Reflections took 9 ms to scan 1 urls, producing 4 keys and 9 values 
15:40:16:296  INFO 5444 --- [main] org.reflections.Reflections              : Reflections took 7 ms to scan 1 urls, producing 3 keys and 10 values 
15:40:16:298  WARN 5444 --- [main] org.reflections.Reflections              : given scan urls are empty. set urls in the configuration
15:40:16:305  INFO 5444 --- [main] org.reflections.Reflections              : Reflections took 6 ms to scan 1 urls, producing 1 keys and 5 values 
15:40:16:314  INFO 5444 --- [main] org.reflections.Reflections              : Reflections took 7 ms to scan 1 urls, producing 1 keys and 7 values 
15:40:16:322  INFO 5444 --- [main] org.reflections.Reflections              : Reflections took 6 ms to scan 1 urls, producing 2 keys and 8 values 
15:40:16:324  WARN 5444 --- [main] org.reflections.Reflections              : given scan urls are empty. set urls in the configuration
15:40:16:325  INFO 5444 --- [main] com.alibaba.nacos.common.remote.client   : [c1db280b-8add-4582-aa0b-dd44a06c0b81] RpcClient init label, labels = {module=naming, source=sdk}
15:40:16:327  INFO 5444 --- [main] com.alibaba.nacos.common.remote.client   : [c1db280b-8add-4582-aa0b-dd44a06c0b81] RpcClient init, ServerListFactory = com.alibaba.nacos.client.naming.core.ServerListManager
15:40:16:327  INFO 5444 --- [main] com.alibaba.nacos.common.remote.client   : [c1db280b-8add-4582-aa0b-dd44a06c0b81] Registry connection listener to current client:com.alibaba.nacos.client.naming.remote.gprc.redo.NamingGrpcRedoService
15:40:16:327  INFO 5444 --- [main] com.alibaba.nacos.common.remote.client   : [c1db280b-8add-4582-aa0b-dd44a06c0b81] Register server push request handler:com.alibaba.nacos.client.naming.remote.gprc.NamingPushRequestHandler
15:40:16:328  INFO 5444 --- [main] com.alibaba.nacos.common.remote.client   : [c1db280b-8add-4582-aa0b-dd44a06c0b81] Try to connect to server on start up, server: {serverIp = '192.168.88.129', server main port = 8848}
15:40:17:529  INFO 5444 --- [main] com.alibaba.nacos.common.remote.client   : [c1db280b-8add-4582-aa0b-dd44a06c0b81] Success to connect to server [192.168.88.129:8848] on start up, connectionId = 1725942487819_192.168.88.1_52718
15:40:17:529  INFO 5444 --- [com.alibaba.nacos.client.remote.worker] com.alibaba.nacos.common.remote.client   : [c1db280b-8add-4582-aa0b-dd44a06c0b81] Notify connected event to listeners.
15:40:17:530  INFO 5444 --- [main] com.alibaba.nacos.common.remote.client   : [c1db280b-8add-4582-aa0b-dd44a06c0b81] Register server push request handler:com.alibaba.nacos.common.remote.client.RpcClient$ConnectResetRequestHandler
15:40:17:531  INFO 5444 --- [main] com.alibaba.nacos.common.remote.client   : [c1db280b-8add-4582-aa0b-dd44a06c0b81] Register server push request handler:com.alibaba.nacos.common.remote.client.RpcClient$$Lambda$989/0x000000080071c440
15:40:17:601  INFO 5444 --- [main] o.s.b.w.embedded.tomcat.TomcatWebServer  : Tomcat started on port(s): 8082 (http) with context path ''
15:40:17:620  INFO 5444 --- [main] c.a.c.n.registry.NacosServiceRegistry    : nacos registry, DEFAULT_GROUP cart-service 192.168.88.1:8082 register finished
15:40:17:841  INFO 5444 --- [main] d.s.w.p.DocumentationPluginsBootstrapper : Documentation plugins bootstrapped
15:40:17:843  INFO 5444 --- [main] d.s.w.p.DocumentationPluginsBootstrapper : Found 1 custom documentation plugin(s)
15:40:17:861  INFO 5444 --- [main] s.d.s.w.s.ApiListingReferenceScanner     : Scanning for api listing references
15:40:17:929  INFO 5444 --- [main] com.hmall.cart.CartApplication           : Started CartApplication in 5.523 seconds (JVM running for 6.268)
15:40:18:145  INFO 5444 --- [nacos-grpc-client-executor-11] com.alibaba.nacos.common.remote.client   : [c1db280b-8add-4582-aa0b-dd44a06c0b81] Receive server push request, request = NotifySubscriberRequest, requestId = 1
15:40:18:153  INFO 5444 --- [nacos-grpc-client-executor-11] com.alibaba.nacos.common.remote.client   : [c1db280b-8add-4582-aa0b-dd44a06c0b81] Ack server push request, request = NotifySubscriberRequest, requestId = 1
15:43:17:703  WARN 5444 --- [Thread-4] c.a.nacos.common.notify.NotifyCenter     : [NotifyCenter] Start destroying Publisher
15:43:17:704  WARN 5444 --- [Thread-4] c.a.nacos.common.notify.NotifyCenter     : [NotifyCenter] Destruction of the end
15:43:17:703  WARN 5444 --- [Thread-7] c.a.n.common.http.HttpClientBeanHolder   : [HttpClientBeanHolder] Start destroying common HttpClient
15:43:17:704  WARN 5444 --- [Thread-7] c.a.n.common.http.HttpClientBeanHolder   : [HttpClientBeanHolder] Destruction of the end
15:43:17:962  INFO 5444 --- [SpringApplicationShutdownHook] c.a.c.n.registry.NacosServiceRegistry    : De-registering from Nacos Server now...
15:43:17:967  INFO 5444 --- [SpringApplicationShutdownHook] c.a.c.n.registry.NacosServiceRegistry    : De-registration finished.
15:43:18:293  INFO 5444 --- [SpringApplicationShutdownHook] com.alibaba.nacos.common.remote.client   : Shutdown rpc client, set status to shutdown
15:43:18:293  INFO 5444 --- [SpringApplicationShutdownHook] com.alibaba.nacos.common.remote.client   : Shutdown client event executor java.util.concurrent.ScheduledThreadPoolExecutor@551bf06e[Running, pool size = 2, active threads = 2, queued tasks = 0, completed tasks = 0]
15:43:18:293  INFO 5444 --- [SpringApplicationShutdownHook] com.alibaba.nacos.common.remote.client   : Close current connection 1725942487819_192.168.88.1_52718
15:43:18:295  INFO 5444 --- [nacos-grpc-client-executor-86] c.a.n.c.remote.client.grpc.GrpcClient    : [1725942487819_192.168.88.1_52718]Ignore complete event,isRunning:false,isAbandon=false
15:43:18:297  INFO 5444 --- [SpringApplicationShutdownHook] c.a.n.c.remote.client.grpc.GrpcClient    : Shutdown grpc executor java.util.concurrent.ThreadPoolExecutor@75808476[Running, pool size = 9, active threads = 0, queued tasks = 0, completed tasks = 87]
