15:40:28:115  INFO 6008 --- [main] com.hmall.item.ItemApplication           : Starting ItemApplication using Java 11.0.24 on xiaoyuan with PID 6008 (I:\project\java\springcould\hmall\item-service\target\classes started by 21551 in I:\project\java\springcould\hmall)
15:40:28:119 DEBUG 6008 --- [main] com.hmall.item.ItemApplication           : Running with Spring Boot v2.7.12, Spring v5.3.27
15:40:28:120  INFO 6008 --- [main] com.hmall.item.ItemApplication           : The following 1 profile is active: "local"
15:40:28:856  INFO 6008 --- [main] o.s.cloud.context.scope.GenericScope     : BeanFactory id=5e9bee20-566e-3312-9013-b264af276fc5
15:40:29:075  INFO 6008 --- [main] o.s.b.w.embedded.tomcat.TomcatWebServer  : Tomcat initialized with port(s): 8081 (http)
15:40:29:076  INFO 6008 --- [main] o.a.catalina.core.AprLifecycleListener   : Loaded Apache Tomcat Native library [1.3.0] using APR version [1.7.4].
15:40:29:077  INFO 6008 --- [main] o.a.catalina.core.AprLifecycleListener   : APR capabilities: IPv6 [true], sendfile [true], accept filters [false], random [true], UDS [true].
15:40:29:077  INFO 6008 --- [main] o.a.catalina.core.AprLifecycleListener   : APR/OpenSSL configuration: useAprConnector [false], useOpenSSL [true]
15:40:29:080  INFO 6008 --- [main] o.a.catalina.core.AprLifecycleListener   : OpenSSL successfully initialized [OpenSSL 3.0.13 30 Jan 2024]
15:40:29:086  INFO 6008 --- [main] o.apache.catalina.core.StandardService   : Starting service [Tomcat]
15:40:29:086  INFO 6008 --- [main] org.apache.catalina.core.StandardEngine  : Starting Servlet engine: [Apache Tomcat/9.0.75]
15:40:29:161  INFO 6008 --- [main] o.a.c.c.C.[Tomcat].[localhost].[/]       : Initializing Spring embedded WebApplicationContext
15:40:29:162  INFO 6008 --- [main] w.s.c.ServletWebServerApplicationContext : Root WebApplicationContext: initialization completed in 997 ms
15:40:30:457  INFO 6008 --- [main] pertySourcedRequestMappingHandlerMapping : Mapped URL path [/v2/api-docs] onto method [springfox.documentation.swagger2.web.Swagger2ControllerWebMvc#getDocumentation(String, HttpServletRequest)]
15:40:30:804  INFO 6008 --- [main] com.alibaba.nacos.common.remote.client   : [RpcClientFactory] create a new rpc client of 7bdc0d60-e14c-44bd-b601-feaa8c15015c
15:40:30:835  INFO 6008 --- [main] org.reflections.Reflections              : Reflections took 17 ms to scan 1 urls, producing 3 keys and 6 values 
15:40:30:854  INFO 6008 --- [main] org.reflections.Reflections              : Reflections took 8 ms to scan 1 urls, producing 4 keys and 9 values 
15:40:30:863  INFO 6008 --- [main] org.reflections.Reflections              : Reflections took 7 ms to scan 1 urls, producing 3 keys and 10 values 
15:40:30:865  WARN 6008 --- [main] org.reflections.Reflections              : given scan urls are empty. set urls in the configuration
15:40:30:872  INFO 6008 --- [main] org.reflections.Reflections              : Reflections took 6 ms to scan 1 urls, producing 1 keys and 5 values 
15:40:30:880  INFO 6008 --- [main] org.reflections.Reflections              : Reflections took 6 ms to scan 1 urls, producing 1 keys and 7 values 
15:40:30:889  INFO 6008 --- [main] org.reflections.Reflections              : Reflections took 7 ms to scan 1 urls, producing 2 keys and 8 values 
15:40:30:890  WARN 6008 --- [main] org.reflections.Reflections              : given scan urls are empty. set urls in the configuration
15:40:30:891  INFO 6008 --- [main] com.alibaba.nacos.common.remote.client   : [7bdc0d60-e14c-44bd-b601-feaa8c15015c] RpcClient init label, labels = {module=naming, source=sdk}
15:40:30:892  INFO 6008 --- [main] com.alibaba.nacos.common.remote.client   : [7bdc0d60-e14c-44bd-b601-feaa8c15015c] RpcClient init, ServerListFactory = com.alibaba.nacos.client.naming.core.ServerListManager
15:40:30:892  INFO 6008 --- [main] com.alibaba.nacos.common.remote.client   : [7bdc0d60-e14c-44bd-b601-feaa8c15015c] Registry connection listener to current client:com.alibaba.nacos.client.naming.remote.gprc.redo.NamingGrpcRedoService
15:40:30:893  INFO 6008 --- [main] com.alibaba.nacos.common.remote.client   : [7bdc0d60-e14c-44bd-b601-feaa8c15015c] Register server push request handler:com.alibaba.nacos.client.naming.remote.gprc.NamingPushRequestHandler
15:40:30:894  INFO 6008 --- [main] com.alibaba.nacos.common.remote.client   : [7bdc0d60-e14c-44bd-b601-feaa8c15015c] Try to connect to server on start up, server: {serverIp = '192.168.88.129', server main port = 8848}
15:40:31:958  INFO 6008 --- [main] com.alibaba.nacos.common.remote.client   : [7bdc0d60-e14c-44bd-b601-feaa8c15015c] Success to connect to server [192.168.88.129:8848] on start up, connectionId = 1725942502299_192.168.88.1_52766
15:40:31:958  INFO 6008 --- [com.alibaba.nacos.client.remote.worker] com.alibaba.nacos.common.remote.client   : [7bdc0d60-e14c-44bd-b601-feaa8c15015c] Notify connected event to listeners.
15:40:31:959  INFO 6008 --- [main] com.alibaba.nacos.common.remote.client   : [7bdc0d60-e14c-44bd-b601-feaa8c15015c] Register server push request handler:com.alibaba.nacos.common.remote.client.RpcClient$ConnectResetRequestHandler
15:40:31:959  INFO 6008 --- [main] com.alibaba.nacos.common.remote.client   : [7bdc0d60-e14c-44bd-b601-feaa8c15015c] Register server push request handler:com.alibaba.nacos.common.remote.client.RpcClient$$Lambda$902/0x000000080067c440
15:40:32:016  INFO 6008 --- [main] o.s.b.w.embedded.tomcat.TomcatWebServer  : Tomcat started on port(s): 8081 (http) with context path ''
15:40:32:029  INFO 6008 --- [main] c.a.c.n.registry.NacosServiceRegistry    : nacos registry, DEFAULT_GROUP item-service 192.168.88.1:8081 register finished
15:40:32:254  INFO 6008 --- [main] d.s.w.p.DocumentationPluginsBootstrapper : Documentation plugins bootstrapped
15:40:32:256  INFO 6008 --- [main] d.s.w.p.DocumentationPluginsBootstrapper : Found 1 custom documentation plugin(s)
15:40:32:275  INFO 6008 --- [main] s.d.s.w.s.ApiListingReferenceScanner     : Scanning for api listing references
15:40:32:365  INFO 6008 --- [main] com.hmall.item.ItemApplication           : Started ItemApplication in 4.968 seconds (JVM running for 5.74)
15:40:32:557  INFO 6008 --- [nacos-grpc-client-executor-11] com.alibaba.nacos.common.remote.client   : [7bdc0d60-e14c-44bd-b601-feaa8c15015c] Receive server push request, request = NotifySubscriberRequest, requestId = 2
15:40:32:567  INFO 6008 --- [nacos-grpc-client-executor-11] com.alibaba.nacos.common.remote.client   : [7bdc0d60-e14c-44bd-b601-feaa8c15015c] Ack server push request, request = NotifySubscriberRequest, requestId = 2
15:43:17:678  WARN 6008 --- [Thread-7] c.a.n.common.http.HttpClientBeanHolder   : [HttpClientBeanHolder] Start destroying common HttpClient
15:43:17:678  WARN 6008 --- [Thread-4] c.a.nacos.common.notify.NotifyCenter     : [NotifyCenter] Start destroying Publisher
15:43:17:679  WARN 6008 --- [Thread-4] c.a.nacos.common.notify.NotifyCenter     : [NotifyCenter] Destruction of the end
15:43:17:679  WARN 6008 --- [Thread-7] c.a.n.common.http.HttpClientBeanHolder   : [HttpClientBeanHolder] Destruction of the end
15:43:17:918  INFO 6008 --- [SpringApplicationShutdownHook] c.a.c.n.registry.NacosServiceRegistry    : De-registering from Nacos Server now...
15:43:17:925  INFO 6008 --- [SpringApplicationShutdownHook] c.a.c.n.registry.NacosServiceRegistry    : De-registration finished.
15:43:18:247  INFO 6008 --- [SpringApplicationShutdownHook] com.alibaba.nacos.common.remote.client   : Shutdown rpc client, set status to shutdown
15:43:18:248  INFO 6008 --- [SpringApplicationShutdownHook] com.alibaba.nacos.common.remote.client   : Shutdown client event executor java.util.concurrent.ScheduledThreadPoolExecutor@2f5ccdc9[Running, pool size = 2, active threads = 2, queued tasks = 0, completed tasks = 0]
15:43:18:248  INFO 6008 --- [SpringApplicationShutdownHook] com.alibaba.nacos.common.remote.client   : Close current connection 1725942502299_192.168.88.1_52766
15:43:18:249  INFO 6008 --- [nacos-grpc-client-executor-79] c.a.n.c.remote.client.grpc.GrpcClient    : [1725942502299_192.168.88.1_52766]Ignore complete event,isRunning:false,isAbandon=false
15:43:18:253  INFO 6008 --- [SpringApplicationShutdownHook] c.a.n.c.remote.client.grpc.GrpcClient    : Shutdown grpc executor java.util.concurrent.ThreadPoolExecutor@1febb881[Running, pool size = 7, active threads = 0, queued tasks = 0, completed tasks = 80]
